<?xml version="1.0" encoding="UTF-8"?>
<!-- Generated by org.testng.reporters.JUnitReportReporter -->
<testsuite hostname="HYDHTC100356L" name="testClasses.LaunchSeleniumHomePage" tests="3" failures="0" timestamp="7 Mar 2014 10:31:38 GMT" time="0.001" errors="0">
  <testcase name="test1" time="0.001" classname="testClasses.LaunchSeleniumHomePage"/>
  <testcase name="test2" time="0.000" classname="testClasses.LaunchSeleniumHomePage"/>
  <testcase name="test3" time="0.000" classname="testClasses.LaunchSeleniumHomePage"/>
</testsuite> <!-- testClasses.LaunchSeleniumHomePage -->
