<?xml version="1.0" encoding="UTF-8"?>
<!-- Generated by org.testng.reporters.JUnitReportReporter -->
<testsuite hostname="HYDHTC100356L" name="testClasses.VerifyInbox" tests="1" failures="0" timestamp="7 Mar 2014 10:31:38 GMT" time="0.000" errors="0">
  <testcase name="checkEmail" time="0.000" classname="testClasses.VerifyInbox"/>
</testsuite> <!-- testClasses.VerifyInbox -->
