<?xml version="1.0" encoding="UTF-8"?>
<!-- Generated by org.testng.reporters.JUnitReportReporter -->
<testsuite hostname="HYDHTC100356L" name="testClasses.TestClass_Sample1" tests="1" failures="0" timestamp="28 Feb 2014 10:42:43 GMT" time="18.364" errors="0">
  <testcase name="f" time="18.364" classname="testClasses.TestClass_Sample1"/>
</testsuite> <!-- testClasses.TestClass_Sample1 -->
